Running on host compute087.bc4.acrc.priv
Time is Fri Apr 27 20:49:30 BST 2018
Directory is /mnt/storage/home/am15249/advanced_hpc
Slurm job ID is 1127467
This job runs on the following machines:
compute087
Number of processes: 1
Spreading remainder cols evenly.
Merging propagate, rebound, collision and av_velocity.
Using reduced halo exchange.
iteration: 0
Flag: 2
==timestep: 0==
av velocity: 1.737206578255E-01
==timestep: 1==
av velocity: 3.061750829220E-01
==timestep: 2==
av velocity: 4.249064624310E-01
==timestep: 3==
av velocity: 5.561186075211E-01
==timestep: 4==
av velocity: 6.999252438545E-01
==timestep: 5==
av velocity: 8.260771036148E-01
==timestep: 6==
av velocity: 9.450961351395E-01
==timestep: 7==
av velocity: 1.052221655846E+00
==timestep: 8==
av velocity: 1.148245811462E+00
==timestep: 9==
av velocity: 1.254184007645E+00
==timestep: 10==
av velocity: 1.350472688675E+00
==timestep: 11==
av velocity: 1.458377242088E+00
==timestep: 12==
av velocity: 1.575920939445E+00
==timestep: 13==
av velocity: 1.662707448006E+00
==timestep: 14==
av velocity: 1.732770562172E+00
==timestep: 15==
av velocity: 1.816673278809E+00
==timestep: 16==
av velocity: 1.911419391632E+00
==timestep: 17==
av velocity: 2.017718553543E+00
==timestep: 18==
av velocity: 2.118005514145E+00
==timestep: 19==
av velocity: 2.203761577606E+00
iteration: 500
==timestep: 500==
av velocity: 3.497898864746E+01
iteration: 1000
==timestep: 1000==
av velocity: 4.631445312500E+01
iteration: 1500
==timestep: 1500==
av velocity: 5.900195312500E+01
iteration: 2000
==timestep: 2000==
av velocity: 6.728623962402E+01
iteration: 2500
==timestep: 2500==
av velocity: 7.347664642334E+01
iteration: 3000
==timestep: 3000==
av velocity: 7.815402984619E+01
iteration: 3500
==timestep: 3500==
av velocity: 8.020464324951E+01
iteration: 4000
==timestep: 4000==
av velocity: 8.408049774170E+01
iteration: 4500
==timestep: 4500==
av velocity: 8.746199035645E+01
iteration: 5000
==timestep: 5000==
av velocity: 9.254344177246E+01
iteration: 5500
==timestep: 5500==
av velocity: 9.774425506592E+01
iteration: 6000
==timestep: 6000==
av velocity: 1.021037216187E+02
iteration: 6500
==timestep: 6500==
av velocity: 1.058559112549E+02
iteration: 7000
==timestep: 7000==
av velocity: 1.085854415894E+02
iteration: 7500
==timestep: 7500==
av velocity: 1.113520431519E+02
iteration: 8000
==timestep: 8000==
av velocity: 1.145539474487E+02
iteration: 8500
==timestep: 8500==
av velocity: 1.180653228760E+02
iteration: 9000
==timestep: 9000==
av velocity: 1.220574417114E+02
iteration: 9500
==timestep: 9500==
av velocity: 1.257135162354E+02
iteration: 10000
==timestep: 10000==
av velocity: 1.289474334717E+02
iteration: 10500
==timestep: 10500==
av velocity: 1.316789093018E+02
iteration: 11000
==timestep: 11000==
av velocity: 1.340910186768E+02
iteration: 11500
==timestep: 11500==
av velocity: 1.366877899170E+02
iteration: 12000
==timestep: 12000==
av velocity: 1.394346923828E+02
iteration: 12500
==timestep: 12500==
av velocity: 1.424271240234E+02
iteration: 13000
==timestep: 13000==
av velocity: 1.454062347412E+02
iteration: 13500
==timestep: 13500==
av velocity: 1.481375274658E+02
iteration: 14000
==timestep: 14000==
av velocity: 1.505545043945E+02
iteration: 14500
==timestep: 14500==
av velocity: 1.526980895996E+02
iteration: 15000
==timestep: 15000==
av velocity: 1.548157196045E+02
iteration: 15500
==timestep: 15500==
av velocity: 1.570063629150E+02
iteration: 16000
==timestep: 16000==
av velocity: 1.593051605225E+02
iteration: 16500
==timestep: 16500==
av velocity: 1.616524658203E+02
iteration: 17000
==timestep: 17000==
av velocity: 1.638839111328E+02
iteration: 17500
==timestep: 17500==
av velocity: 1.659219055176E+02
iteration: 18000
==timestep: 18000==
av velocity: 1.677519378662E+02
iteration: 18500
==timestep: 18500==
av velocity: 1.694770355225E+02
iteration: 19000
==timestep: 19000==
av velocity: 1.712102661133E+02
iteration: 19500
==timestep: 19500==
av velocity: 1.729866943359E+02
iteration: 20000
==timestep: 20000==
av velocity: 1.748065338135E+02
iteration: 20500
==timestep: 20500==
av velocity: 1.765815887451E+02
iteration: 21000
==timestep: 21000==
av velocity: 1.782373809814E+02
iteration: 21500
==timestep: 21500==
av velocity: 1.797468872070E+02
iteration: 22000
==timestep: 22000==
av velocity: 1.811395721436E+02
iteration: 22500
==timestep: 22500==
av velocity: 1.824991760254E+02
iteration: 23000
==timestep: 23000==
av velocity: 1.838671417236E+02
iteration: 23500
==timestep: 23500==
av velocity: 1.852582244873E+02
iteration: 24000
==timestep: 24000==
av velocity: 1.866370086670E+02
iteration: 24500
==timestep: 24500==
av velocity: 1.879438781738E+02
iteration: 25000
==timestep: 25000==
av velocity: 1.891485748291E+02
iteration: 25500
==timestep: 25500==
av velocity: 1.902535858154E+02
iteration: 26000
==timestep: 26000==
av velocity: 1.913057250977E+02
iteration: 26500
==timestep: 26500==
av velocity: 1.923459167480E+02
iteration: 27000
==timestep: 27000==
av velocity: 1.933906860352E+02
iteration: 27500
==timestep: 27500==
av velocity: 1.944326171875E+02
iteration: 28000
==timestep: 28000==
av velocity: 1.954351501465E+02
iteration: 28500
==timestep: 28500==
av velocity: 1.963688812256E+02
iteration: 29000
==timestep: 29000==
av velocity: 1.972251586914E+02
iteration: 29500
==timestep: 29500==
av velocity: 1.980246734619E+02
iteration: 30000
==timestep: 30000==
av velocity: 1.987993774414E+02
iteration: 30500
==timestep: 30500==
av velocity: 1.995696716309E+02
iteration: 31000
==timestep: 31000==
av velocity: 2.003373870850E+02
iteration: 31500
==timestep: 31500==
av velocity: 2.010846710205E+02
iteration: 32000
==timestep: 32000==
av velocity: 2.017859344482E+02
iteration: 32500
==timestep: 32500==
av velocity: 2.024301757812E+02
iteration: 33000
==timestep: 33000==
av velocity: 2.030234527588E+02
iteration: 33500
==timestep: 33500==
av velocity: 2.035909881592E+02
iteration: 34000
==timestep: 34000==
av velocity: 2.041491851807E+02
iteration: 34500
==timestep: 34500==
av velocity: 2.047049560547E+02
iteration: 35000
==timestep: 35000==
av velocity: 2.052481384277E+02
iteration: 35500
==timestep: 35500==
av velocity: 2.057601165771E+02
iteration: 36000
==timestep: 36000==
av velocity: 2.062305145264E+02
iteration: 36500
==timestep: 36500==
av velocity: 2.066615142822E+02
iteration: 37000
==timestep: 37000==
av velocity: 2.070685882568E+02
iteration: 37500
==timestep: 37500==
av velocity: 2.074676361084E+02
iteration: 38000
==timestep: 38000==
av velocity: 2.078632965088E+02
iteration: 38500
==timestep: 38500==
av velocity: 2.082499847412E+02
iteration: 39000
==timestep: 39000==
av velocity: 2.086164550781E+02
iteration: 39500
==timestep: 39500==
av velocity: 2.089535217285E+02
==done==
Elapsed time:			36.837177 (s)
Elapsed user CPU time:		36.837105 (s)
Elapsed system CPU time:	0.009999 (s)
