Running on host compute396.bc4.acrc.priv
Time is Fri Apr 27 18:32:00 BST 2018
Directory is /mnt/storage/home/am15249/advanced_hpc
Slurm job ID is 1127226
This job runs on the following machines:
compute396
Number of processes: 28
Asynchronous halo exchange.
Spreading remainder cols evenly.
Merging propagate, rebound, collision and av_velocity.
Using reduced halo exchange.
iteration: 0
==timestep: 0==
av velocity: 9.872648119926E-02
==timestep: 1==
av velocity: 1.729730069637E-01
==timestep: 2==
av velocity: 2.404929846525E-01
==timestep: 3==
av velocity: 3.129986822605E-01
==timestep: 4==
av velocity: 3.944684565067E-01
==timestep: 5==
av velocity: 4.649519324303E-01
==timestep: 6==
av velocity: 5.340418815613E-01
==timestep: 7==
av velocity: 5.932252407074E-01
==timestep: 8==
av velocity: 6.501988768578E-01
==timestep: 9==
av velocity: 7.090758085251E-01
==timestep: 10==
av velocity: 7.672637701035E-01
==timestep: 11==
av velocity: 8.296747207642E-01
==timestep: 12==
av velocity: 8.987467885017E-01
==timestep: 13==
av velocity: 9.510784149170E-01
==timestep: 14==
av velocity: 9.973276257515E-01
==timestep: 15==
av velocity: 1.048382759094E+00
==timestep: 16==
av velocity: 1.107714533806E+00
==timestep: 17==
av velocity: 1.172323226929E+00
==timestep: 18==
av velocity: 1.235180735588E+00
==timestep: 19==
av velocity: 1.289685249329E+00
iteration: 500
==timestep: 500==
av velocity: 2.630969429016E+01
iteration: 1000
==timestep: 1000==
av velocity: 3.011274528503E+01
iteration: 1500
==timestep: 1500==
av velocity: 3.680115890503E+01
iteration: 2000
==timestep: 2000==
av velocity: 3.693763732910E+01
iteration: 2500
==timestep: 2500==
av velocity: 3.865189743042E+01
iteration: 3000
==timestep: 3000==
av velocity: 4.028509902954E+01
iteration: 3500
==timestep: 3500==
av velocity: 3.883729934692E+01
iteration: 4000
==timestep: 4000==
av velocity: 3.984686279297E+01
iteration: 4500
==timestep: 4500==
av velocity: 3.962534332275E+01
iteration: 5000
==timestep: 5000==
av velocity: 3.690176391602E+01
iteration: 5500
==timestep: 5500==
av velocity: 4.136284255981E+01
iteration: 6000
==timestep: 6000==
av velocity: 3.691030120850E+01
iteration: 6500
==timestep: 6500==
av velocity: 4.331954956055E+01
iteration: 7000
==timestep: 7000==
av velocity: 3.727915191650E+01
iteration: 7500
==timestep: 7500==
av velocity: 4.325294494629E+01
iteration: 8000
==timestep: 8000==
av velocity: 3.975840759277E+01
iteration: 8500
==timestep: 8500==
av velocity: 4.392044067383E+01
iteration: 9000
==timestep: 9000==
av velocity: 4.098440551758E+01
iteration: 9500
==timestep: 9500==
av velocity: 4.472917175293E+01
iteration: 10000
==timestep: 10000==
av velocity: 4.171847534180E+01
iteration: 10500
==timestep: 10500==
av velocity: 4.509736633301E+01
iteration: 11000
==timestep: 11000==
av velocity: 4.429971694946E+01
iteration: 11500
==timestep: 11500==
av velocity: 4.713040161133E+01
iteration: 12000
==timestep: 12000==
av velocity: 4.692637252808E+01
iteration: 12500
==timestep: 12500==
av velocity: 4.798011016846E+01
iteration: 13000
==timestep: 13000==
av velocity: 4.842406463623E+01
iteration: 13500
==timestep: 13500==
av velocity: 4.840340042114E+01
iteration: 14000
==timestep: 14000==
av velocity: 4.965693664551E+01
iteration: 14500
==timestep: 14500==
av velocity: 5.059619903564E+01
iteration: 15000
==timestep: 15000==
av velocity: 4.909893035889E+01
iteration: 15500
==timestep: 15500==
av velocity: 5.218126296997E+01
iteration: 16000
==timestep: 16000==
av velocity: 5.009664916992E+01
iteration: 16500
==timestep: 16500==
av velocity: 5.414791107178E+01
iteration: 17000
==timestep: 17000==
av velocity: 5.046313858032E+01
iteration: 17500
==timestep: 17500==
av velocity: 5.667480468750E+01
iteration: 18000
==timestep: 18000==
av velocity: 5.342452621460E+01
iteration: 18500
==timestep: 18500==
av velocity: 5.686894226074E+01
iteration: 19000
==timestep: 19000==
av velocity: 5.675329208374E+01
iteration: 19500
==timestep: 19500==
av velocity: 5.858632278442E+01
==done==
Elapsed time:			80.877273 (s)
Elapsed user CPU time:		80.846978 (s)
Elapsed system CPU time:	0.122984 (s)
