Running on host compute395.bc4.acrc.priv
Time is Fri Apr 27 18:48:34 BST 2018
Directory is /mnt/storage/home/am15249/advanced_hpc
Slurm job ID is 1127237
This job runs on the following machines:
compute[395-396]
Number of processes: 56
Asynchronous halo exchange.
Spreading remainder cols evenly.
Merging propagate, rebound, collision and av_velocity.
Using reduced halo exchange.
iteration: 0
==timestep: 0==
av velocity: 4.918880760670E-03
==timestep: 1==
av velocity: 7.819199934602E-03
==timestep: 2==
av velocity: 1.092886179686E-02
==timestep: 3==
av velocity: 1.305262930691E-02
==timestep: 4==
av velocity: 1.639450713992E-02
==timestep: 5==
av velocity: 1.914281770587E-02
==timestep: 6==
av velocity: 2.285777218640E-02
==timestep: 7==
av velocity: 2.542318962514E-02
==timestep: 8==
av velocity: 2.973647415638E-02
==timestep: 9==
av velocity: 3.320290893316E-02
==timestep: 10==
av velocity: 3.798912465572E-02
==timestep: 11==
av velocity: 4.198651760817E-02
==timestep: 12==
av velocity: 4.718219116330E-02
==timestep: 13==
av velocity: 5.199833959341E-02
==timestep: 14==
av velocity: 5.766987800598E-02
==timestep: 15==
av velocity: 6.253566592932E-02
==timestep: 16==
av velocity: 6.808932125568E-02
==timestep: 17==
av velocity: 7.321096956730E-02
==timestep: 18==
av velocity: 7.863511145115E-02
==timestep: 19==
av velocity: 8.340419828892E-02
iteration: 500
==timestep: 500==
av velocity: 9.010726213455E-01
iteration: 1000
==timestep: 1000==
av velocity: 1.031437277794E+00
iteration: 1500
==timestep: 1500==
av velocity: 8.561633825302E-01
iteration: 2000
==timestep: 2000==
av velocity: 6.949699521065E-01
iteration: 2500
==timestep: 2500==
av velocity: 7.460486888885E-01
iteration: 3000
==timestep: 3000==
av velocity: 8.999617695808E-01
iteration: 3500
==timestep: 3500==
av velocity: 9.096621274948E-01
iteration: 4000
==timestep: 4000==
av velocity: 7.688023447990E-01
iteration: 4500
==timestep: 4500==
av velocity: 6.776901483536E-01
iteration: 5000
==timestep: 5000==
av velocity: 7.525126934052E-01
iteration: 5500
==timestep: 5500==
av velocity: 8.556249141693E-01
iteration: 6000
==timestep: 6000==
av velocity: 8.563345670700E-01
iteration: 6500
==timestep: 6500==
av velocity: 7.347744107246E-01
iteration: 7000
==timestep: 7000==
av velocity: 7.255975008011E-01
iteration: 7500
==timestep: 7500==
av velocity: 7.369948625565E-01
iteration: 8000
==timestep: 8000==
av velocity: 8.340734839439E-01
iteration: 8500
==timestep: 8500==
av velocity: 8.225687742233E-01
iteration: 9000
==timestep: 9000==
av velocity: 7.505896091461E-01
iteration: 9500
==timestep: 9500==
av velocity: 6.983342170715E-01
iteration: 10000
==timestep: 10000==
av velocity: 7.599202990532E-01
iteration: 10500
==timestep: 10500==
av velocity: 8.239246606827E-01
iteration: 11000
==timestep: 11000==
av velocity: 8.120661973953E-01
iteration: 11500
==timestep: 11500==
av velocity: 7.416558265686E-01
iteration: 12000
==timestep: 12000==
av velocity: 7.215375900269E-01
iteration: 12500
==timestep: 12500==
av velocity: 7.741087675095E-01
iteration: 13000
==timestep: 13000==
av velocity: 8.305913209915E-01
iteration: 13500
==timestep: 13500==
av velocity: 8.210726380348E-01
iteration: 14000
==timestep: 14000==
av velocity: 7.605299353600E-01
iteration: 14500
==timestep: 14500==
av velocity: 7.475228309631E-01
iteration: 15000
==timestep: 15000==
av velocity: 7.966229915619E-01
iteration: 15500
==timestep: 15500==
av velocity: 8.430673480034E-01
iteration: 16000
==timestep: 16000==
av velocity: 8.294773101807E-01
iteration: 16500
==timestep: 16500==
av velocity: 7.829272747040E-01
iteration: 17000
==timestep: 17000==
av velocity: 7.775647640228E-01
iteration: 17500
==timestep: 17500==
av velocity: 8.238040208817E-01
iteration: 18000
==timestep: 18000==
av velocity: 8.585540652275E-01
iteration: 18500
==timestep: 18500==
av velocity: 8.443397283554E-01
iteration: 19000
==timestep: 19000==
av velocity: 8.093829154968E-01
iteration: 19500
==timestep: 19500==
av velocity: 8.097417950630E-01
iteration: 20000
==timestep: 20000==
av velocity: 8.460319042206E-01
iteration: 20500
==timestep: 20500==
av velocity: 8.764244318008E-01
iteration: 21000
==timestep: 21000==
av velocity: 8.674181699753E-01
iteration: 21500
==timestep: 21500==
av velocity: 8.381341099739E-01
iteration: 22000
==timestep: 22000==
av velocity: 8.367088437080E-01
iteration: 22500
==timestep: 22500==
av velocity: 8.721801042557E-01
iteration: 23000
==timestep: 23000==
av velocity: 9.018347263336E-01
iteration: 23500
==timestep: 23500==
av velocity: 8.880233764648E-01
iteration: 24000
==timestep: 24000==
av velocity: 8.600734472275E-01
iteration: 24500
==timestep: 24500==
av velocity: 8.659422993660E-01
iteration: 25000
==timestep: 25000==
av velocity: 9.036626219749E-01
iteration: 25500
==timestep: 25500==
av velocity: 9.221409559250E-01
iteration: 26000
==timestep: 26000==
av velocity: 9.051722288132E-01
iteration: 26500
==timestep: 26500==
av velocity: 8.872570991516E-01
iteration: 27000
==timestep: 27000==
av velocity: 8.984718322754E-01
iteration: 27500
==timestep: 27500==
av velocity: 9.286860227585E-01
iteration: 28000
==timestep: 28000==
av velocity: 9.394348263741E-01
iteration: 28500
==timestep: 28500==
av velocity: 9.290908575058E-01
iteration: 29000
==timestep: 29000==
av velocity: 9.167498350143E-01
iteration: 29500
==timestep: 29500==
av velocity: 9.256948828697E-01
iteration: 30000
==timestep: 30000==
av velocity: 9.512113332748E-01
iteration: 30500
==timestep: 30500==
av velocity: 9.636241197586E-01
iteration: 31000
==timestep: 31000==
av velocity: 9.546570777893E-01
iteration: 31500
==timestep: 31500==
av velocity: 9.405731558800E-01
iteration: 32000
==timestep: 32000==
av velocity: 9.530078768730E-01
iteration: 32500
==timestep: 32500==
av velocity: 9.789277315140E-01
iteration: 33000
==timestep: 33000==
av velocity: 9.877450466156E-01
iteration: 33500
==timestep: 33500==
av velocity: 9.743537902832E-01
iteration: 34000
==timestep: 34000==
av velocity: 9.666024446487E-01
iteration: 34500
==timestep: 34500==
av velocity: 9.839841127396E-01
iteration: 35000
==timestep: 35000==
av velocity: 1.002962708473E+00
iteration: 35500
==timestep: 35500==
av velocity: 1.007116556168E+00
iteration: 36000
==timestep: 36000==
av velocity: 9.965727329254E-01
iteration: 36500
==timestep: 36500==
av velocity: 9.962806105614E-01
iteration: 37000
==timestep: 37000==
av velocity: 1.009163260460E+00
iteration: 37500
==timestep: 37500==
av velocity: 1.024022579193E+00
iteration: 38000
==timestep: 38000==
av velocity: 1.028279781342E+00
iteration: 38500
==timestep: 38500==
av velocity: 1.020938873291E+00
iteration: 39000
==timestep: 39000==
av velocity: 1.021346688271E+00
iteration: 39500
==timestep: 39500==
av velocity: 1.031041026115E+00
iteration: 40000
==timestep: 40000==
av velocity: 1.047415137291E+00
iteration: 40500
==timestep: 40500==
av velocity: 1.049870491028E+00
iteration: 41000
==timestep: 41000==
av velocity: 1.042979001999E+00
iteration: 41500
==timestep: 41500==
av velocity: 1.043245553970E+00
iteration: 42000
==timestep: 42000==
av velocity: 1.055012226105E+00
iteration: 42500
==timestep: 42500==
av velocity: 1.069427847862E+00
iteration: 43000
==timestep: 43000==
av velocity: 1.067687273026E+00
iteration: 43500
==timestep: 43500==
av velocity: 1.064239382744E+00
iteration: 44000
==timestep: 44000==
av velocity: 1.066046833992E+00
iteration: 44500
==timestep: 44500==
av velocity: 1.078128457069E+00
iteration: 45000
==timestep: 45000==
av velocity: 1.086747646332E+00
iteration: 45500
==timestep: 45500==
av velocity: 1.086784720421E+00
iteration: 46000
==timestep: 46000==
av velocity: 1.085589170456E+00
iteration: 46500
==timestep: 46500==
av velocity: 1.086960792542E+00
iteration: 47000
==timestep: 47000==
av velocity: 1.098261237144E+00
iteration: 47500
==timestep: 47500==
av velocity: 1.104657292366E+00
iteration: 48000
==timestep: 48000==
av velocity: 1.106954097748E+00
iteration: 48500
==timestep: 48500==
av velocity: 1.104201197624E+00
iteration: 49000
==timestep: 49000==
av velocity: 1.107528805733E+00
iteration: 49500
==timestep: 49500==
av velocity: 1.117543458939E+00
iteration: 50000
==timestep: 50000==
av velocity: 1.123249292374E+00
iteration: 50500
==timestep: 50500==
av velocity: 1.125361442566E+00
iteration: 51000
==timestep: 51000==
av velocity: 1.122257709503E+00
iteration: 51500
==timestep: 51500==
av velocity: 1.128680706024E+00
iteration: 52000
==timestep: 52000==
av velocity: 1.136280894279E+00
iteration: 52500
==timestep: 52500==
av velocity: 1.142563700676E+00
iteration: 53000
==timestep: 53000==
av velocity: 1.142680644989E+00
iteration: 53500
==timestep: 53500==
av velocity: 1.142297983170E+00
iteration: 54000
==timestep: 54000==
av velocity: 1.149310231209E+00
iteration: 54500
==timestep: 54500==
av velocity: 1.155522227287E+00
iteration: 55000
==timestep: 55000==
av velocity: 1.162266492844E+00
iteration: 55500
==timestep: 55500==
av velocity: 1.161071777344E+00
iteration: 56000
==timestep: 56000==
av velocity: 1.164084196091E+00
iteration: 56500
==timestep: 56500==
av velocity: 1.169668436050E+00
iteration: 57000
==timestep: 57000==
av velocity: 1.176902890205E+00
iteration: 57500
==timestep: 57500==
av velocity: 1.181979417801E+00
iteration: 58000
==timestep: 58000==
av velocity: 1.181588411331E+00
iteration: 58500
==timestep: 58500==
av velocity: 1.186586260796E+00
iteration: 59000
==timestep: 59000==
av velocity: 1.191167593002E+00
iteration: 59500
==timestep: 59500==
av velocity: 1.199848771095E+00
iteration: 60000
==timestep: 60000==
av velocity: 1.202417135239E+00
iteration: 60500
==timestep: 60500==
av velocity: 1.205082058907E+00
iteration: 61000
==timestep: 61000==
av velocity: 1.209197282791E+00
iteration: 61500
==timestep: 61500==
av velocity: 1.214891672134E+00
iteration: 62000
==timestep: 62000==
av velocity: 1.223370075226E+00
iteration: 62500
==timestep: 62500==
av velocity: 1.225333690643E+00
iteration: 63000
==timestep: 63000==
av velocity: 1.230128288269E+00
iteration: 63500
==timestep: 63500==
av velocity: 1.232892990112E+00
iteration: 64000
==timestep: 64000==
av velocity: 1.241022825241E+00
iteration: 64500
==timestep: 64500==
av velocity: 1.247088313103E+00
iteration: 65000
==timestep: 65000==
av velocity: 1.250700235367E+00
iteration: 65500
==timestep: 65500==
av velocity: 1.255302667618E+00
iteration: 66000
==timestep: 66000==
av velocity: 1.258707761765E+00
iteration: 66500
==timestep: 66500==
av velocity: 1.267946720123E+00
iteration: 67000
==timestep: 67000==
av velocity: 1.271880626678E+00
iteration: 67500
==timestep: 67500==
av velocity: 1.277668952942E+00
iteration: 68000
==timestep: 68000==
av velocity: 1.280791282654E+00
iteration: 68500
==timestep: 68500==
av velocity: 1.286628246307E+00
iteration: 69000
==timestep: 69000==
av velocity: 1.293967485428E+00
iteration: 69500
==timestep: 69500==
av velocity: 1.298310518265E+00
iteration: 70000
==timestep: 70000==
av velocity: 1.305022835732E+00
iteration: 70500
==timestep: 70500==
av velocity: 1.307229042053E+00
iteration: 71000
==timestep: 71000==
av velocity: 1.314696431160E+00
iteration: 71500
==timestep: 71500==
av velocity: 1.319985628128E+00
iteration: 72000
==timestep: 72000==
av velocity: 1.326441526413E+00
iteration: 72500
==timestep: 72500==
av velocity: 1.331268191338E+00
iteration: 73000
==timestep: 73000==
av velocity: 1.334561586380E+00
iteration: 73500
==timestep: 73500==
av velocity: 1.342064976692E+00
iteration: 74000
==timestep: 74000==
av velocity: 1.346364259720E+00
iteration: 74500
==timestep: 74500==
av velocity: 1.353976249695E+00
iteration: 75000
==timestep: 75000==
av velocity: 1.356885910034E+00
iteration: 75500
==timestep: 75500==
av velocity: 1.362470507622E+00
iteration: 76000
==timestep: 76000==
av velocity: 1.367940068245E+00
iteration: 76500
==timestep: 76500==
av velocity: 1.373282909393E+00
iteration: 77000
==timestep: 77000==
av velocity: 1.380069971085E+00
iteration: 77500
==timestep: 77500==
av velocity: 1.382664322853E+00
iteration: 78000
==timestep: 78000==
av velocity: 1.389349818230E+00
iteration: 78500
==timestep: 78500==
av velocity: 1.392970204353E+00
iteration: 79000
==timestep: 79000==
av velocity: 1.399832010269E+00
iteration: 79500
==timestep: 79500==
av velocity: 1.404407262802E+00
==done==
Elapsed time:			8.450383 (s)
Elapsed user CPU time:		8.323222 (s)
Elapsed system CPU time:	0.060994 (s)
