Running on host gpu30.bc4.acrc.priv
Time is Thu May 3 04:21:52 BST 2018
Directory is /mnt/storage/home/am15249/advanced_hpc/gpu_jobs/128_256/3_gpus
Slurm job ID is 1140268
This job runs on the following machines:
gpu[30-31]
(gpu30:0,2)
(gpu31:1,3)
[0] Number of processes: 4
[0] iteration: 0
[0] ==timestep: 0==
[0] av velocity: 5.094639584422E-02
[0] ==timestep: 500==
[0] av velocity: 3.382820892334E+01
[0] ==timestep: 1000==
[0] av velocity: 3.542878723145E+01
[0] ==timestep: 1500==
[0] av velocity: 4.064484405518E+01
[0] ==timestep: 2000==
[0] av velocity: 4.207516479492E+01
[0] ==timestep: 2500==
[0] av velocity: 4.686018753052E+01
[0] ==timestep: 3000==
[0] av velocity: 5.121337890625E+01
[0] ==timestep: 3500==
[0] av velocity: 5.475151824951E+01
[0] ==timestep: 4000==
[0] av velocity: 6.107983779907E+01
[0] ==timestep: 4500==
[0] av velocity: 6.516730499268E+01
[0] iteration: 5000
[0] ==timestep: 5000==
[0] av velocity: 7.146997833252E+01
[0] ==timestep: 5500==
[0] av velocity: 7.741184234619E+01
[0] ==timestep: 6000==
[0] av velocity: 8.310747528076E+01
[0] ==timestep: 6500==
[0] av velocity: 9.050454711914E+01
[0] ==timestep: 7000==
[0] av velocity: 9.651978302002E+01
[0] ==timestep: 7500==
[0] av velocity: 1.048246765137E+02
[0] ==timestep: 8000==
[0] av velocity: 1.134068450928E+02
[0] ==timestep: 8500==
[0] av velocity: 1.234765853882E+02
[0] ==timestep: 9000==
[0] av velocity: 1.353754730225E+02
[0] ==timestep: 9500==
[0] av velocity: 1.470218963623E+02
[0] iteration: 10000
[0] ==timestep: 10000==
[0] av velocity: 1.601502685547E+02
[0] ==timestep: 10500==
[0] av velocity: 1.721752624512E+02
[0] ==timestep: 11000==
[0] av velocity: 1.844971313477E+02
[0] ==timestep: 11500==
[0] av velocity: 1.963607482910E+02
[0] ==timestep: 12000==
[0] av velocity: 2.074987030029E+02
[0] ==timestep: 12500==
[0] av velocity: 2.189017333984E+02
[0] ==timestep: 13000==
[0] av velocity: 2.291597595215E+02
[0] ==timestep: 13500==
[0] av velocity: 2.394936523438E+02
[0] ==timestep: 14000==
[0] av velocity: 2.487119140625E+02
[0] ==timestep: 14500==
[0] av velocity: 2.571648559570E+02
[0] iteration: 15000
[0] ==timestep: 15000==
[0] av velocity: 2.648244018555E+02
[0] ==timestep: 15500==
[0] av velocity: 2.710954284668E+02
[0] ==timestep: 16000==
[0] av velocity: 2.769423522949E+02
[0] ==timestep: 16500==
[0] av velocity: 2.817037963867E+02
[0] ==timestep: 17000==
[0] av velocity: 2.863018188477E+02
[0] ==timestep: 17500==
[0] av velocity: 2.905009155273E+02
[0] ==timestep: 18000==
[0] av velocity: 2.943916931152E+02
[0] ==timestep: 18500==
[0] av velocity: 2.982339782715E+02
[0] ==timestep: 19000==
[0] av velocity: 3.014395751953E+02
[0] ==timestep: 19500==
[0] av velocity: 3.044619750977E+02
[0] iteration: 20000
[0] ==timestep: 20000==
[0] av velocity: 3.068094787598E+02
[0] ==timestep: 20500==
[0] av velocity: 3.088324584961E+02
[0] ==timestep: 21000==
[0] av velocity: 3.105658264160E+02
[0] ==timestep: 21500==
[0] av velocity: 3.120252685547E+02
[0] ==timestep: 22000==
[0] av velocity: 3.135902709961E+02
[0] ==timestep: 22500==
[0] av velocity: 3.149722900391E+02
[0] ==timestep: 23000==
[0] av velocity: 3.164487304688E+02
[0] ==timestep: 23500==
[0] av velocity: 3.177461547852E+02
[0] ==timestep: 24000==
[0] av velocity: 3.188926391602E+02
[0] ==timestep: 24500==
[0] av velocity: 3.198842773438E+02
[0] iteration: 25000
[0] ==timestep: 25000==
[0] av velocity: 3.206060180664E+02
[0] ==timestep: 25500==
[0] av velocity: 3.213200683594E+02
[0] ==timestep: 26000==
[0] av velocity: 3.219090576172E+02
[0] ==timestep: 26500==
[0] av velocity: 3.225745544434E+02
[0] ==timestep: 27000==
[0] av velocity: 3.232445678711E+02
[0] ==timestep: 27500==
[0] av velocity: 3.238967285156E+02
[0] ==timestep: 28000==
[0] av velocity: 3.245405883789E+02
[0] ==timestep: 28500==
[0] av velocity: 3.250290527344E+02
[0] ==timestep: 29000==
[0] av velocity: 3.254771728516E+02
[0] ==timestep: 29500==
[0] av velocity: 3.258045959473E+02
[0] iteration: 30000
[0] ==timestep: 30000==
[0] av velocity: 3.261229248047E+02
[0] ==timestep: 30500==
[0] av velocity: 3.264526367188E+02
[0] ==timestep: 31000==
[0] av velocity: 3.267890014648E+02
[0] ==timestep: 31500==
[0] av velocity: 3.271736450195E+02
[0] ==timestep: 32000==
[0] av velocity: 3.275046691895E+02
[0] ==timestep: 32500==
[0] av velocity: 3.278282165527E+02
[0] ==timestep: 33000==
[0] av velocity: 3.280783691406E+02
[0] ==timestep: 33500==
[0] av velocity: 3.282864379883E+02
[0] ==timestep: 34000==
[0] av velocity: 3.284796142578E+02
[0] ==timestep: 34500==
[0] av velocity: 3.286572570801E+02
[0] iteration: 35000
[0] ==timestep: 35000==
[0] av velocity: 3.288705749512E+02
[0] ==timestep: 35500==
[0] av velocity: 3.290708923340E+02
[0] ==timestep: 36000==
[0] av velocity: 3.292855224609E+02
[0] ==timestep: 36500==
[0] av velocity: 3.294774169922E+02
[0] ==timestep: 37000==
[0] av velocity: 3.296416320801E+02
[0] ==timestep: 37500==
[0] av velocity: 3.297905273438E+02
[0] ==timestep: 38000==
[0] av velocity: 3.299118652344E+02
[0] ==timestep: 38500==
[0] av velocity: 3.300425720215E+02
[0] ==timestep: 39000==
[0] av velocity: 3.301623535156E+02
[0] ==timestep: 39500==
[0] av velocity: 3.302943420410E+02
[0] ==done==
[0] Elapsed time:			14.755410 (s)
[0] Elapsed user CPU time:		11.959985 (s)
[0] Elapsed system CPU time:	5.217443 (s)
