Running on host gpu30.bc4.acrc.priv
Time is Thu May 3 04:24:58 BST 2018
Directory is /mnt/storage/home/am15249/advanced_hpc/gpu_jobs/1024/4_gpus
Slurm job ID is 1140282
This job runs on the following machines:
gpu[30-31]
(gpu30:0,2)
(gpu31:1,3)
[0] Number of processes: 4
[0] iteration: 0
[0] ==timestep: 0==
[0] av velocity: 7.070523500443E-01
[0] ==timestep: 500==
[0] av velocity: 1.705950164795E+02
[0] ==timestep: 1000==
[0] av velocity: 2.361962890625E+02
[0] ==timestep: 1500==
[0] av velocity: 2.801168518066E+02
[0] ==timestep: 2000==
[0] av velocity: 3.446535949707E+02
[0] ==timestep: 2500==
[0] av velocity: 3.225020751953E+02
[0] ==timestep: 3000==
[0] av velocity: 3.879409179688E+02
[0] ==timestep: 3500==
[0] av velocity: 3.582241516113E+02
[0] ==timestep: 4000==
[0] av velocity: 3.900623168945E+02
[0] ==timestep: 4500==
[0] av velocity: 3.841955566406E+02
[0] iteration: 5000
[0] ==timestep: 5000==
[0] av velocity: 3.795960083008E+02
[0] ==timestep: 5500==
[0] av velocity: 4.143358154297E+02
[0] ==timestep: 6000==
[0] av velocity: 3.865534057617E+02
[0] ==timestep: 6500==
[0] av velocity: 4.352232971191E+02
[0] ==timestep: 7000==
[0] av velocity: 4.182968750000E+02
[0] ==timestep: 7500==
[0] av velocity: 4.737598571777E+02
[0] ==timestep: 8000==
[0] av velocity: 4.873515014648E+02
[0] ==timestep: 8500==
[0] av velocity: 5.204086914062E+02
[0] ==timestep: 9000==
[0] av velocity: 5.327132568359E+02
[0] ==timestep: 9500==
[0] av velocity: 5.426783447266E+02
[0] iteration: 10000
[0] ==timestep: 10000==
[0] av velocity: 5.642760009766E+02
[0] ==timestep: 10500==
[0] av velocity: 5.720811157227E+02
[0] ==timestep: 11000==
[0] av velocity: 6.174952392578E+02
[0] ==timestep: 11500==
[0] av velocity: 6.426239624023E+02
[0] ==timestep: 12000==
[0] av velocity: 6.677261352539E+02
[0] ==timestep: 12500==
[0] av velocity: 6.855068969727E+02
[0] ==timestep: 13000==
[0] av velocity: 7.089033203125E+02
[0] ==timestep: 13500==
[0] av velocity: 7.144190673828E+02
[0] ==timestep: 14000==
[0] av velocity: 7.462980957031E+02
[0] ==timestep: 14500==
[0] av velocity: 7.504038085938E+02
[0] iteration: 15000
[0] ==timestep: 15000==
[0] av velocity: 7.948939208984E+02
[0] ==timestep: 15500==
[0] av velocity: 7.963850097656E+02
[0] ==timestep: 16000==
[0] av velocity: 8.367485961914E+02
[0] ==timestep: 16500==
[0] av velocity: 8.443204345703E+02
[0] ==timestep: 17000==
[0] av velocity: 8.591940917969E+02
[0] ==timestep: 17500==
[0] av velocity: 8.878265380859E+02
[0] ==timestep: 18000==
[0] av velocity: 8.897094726562E+02
[0] ==timestep: 18500==
[0] av velocity: 9.392192382812E+02
[0] ==timestep: 19000==
[0] av velocity: 9.408947143555E+02
[0] ==timestep: 19500==
[0] av velocity: 9.774254150391E+02
[0] ==done==
[0] Elapsed time:			12.146812 (s)
[0] Elapsed user CPU time:		7.528503 (s)
[0] Elapsed system CPU time:	4.289435 (s)
