Running on host gpu30.bc4.acrc.priv
Time is Thu May 3 04:24:24 BST 2018
Directory is /mnt/storage/home/am15249/advanced_hpc/gpu_jobs/1024/2_gpus
Slurm job ID is 1140277
This job runs on the following machines:
gpu30
(gpu30:0,1)
[0] Number of processes: 2
[0] iteration: 0
[0] ==timestep: 0==
[0] av velocity: 1.412829637527E+00
[0] ==timestep: 500==
[0] av velocity: 3.461732177734E+02
[0] ==timestep: 1000==
[0] av velocity: 5.226363525391E+02
[0] ==timestep: 1500==
[0] av velocity: 6.456319580078E+02
[0] ==timestep: 2000==
[0] av velocity: 7.282587890625E+02
[0] ==timestep: 2500==
[0] av velocity: 7.389023437500E+02
[0] ==timestep: 3000==
[0] av velocity: 8.762072143555E+02
[0] ==timestep: 3500==
[0] av velocity: 8.665941162109E+02
[0] ==timestep: 4000==
[0] av velocity: 9.184836425781E+02
[0] ==timestep: 4500==
[0] av velocity: 9.247532958984E+02
[0] iteration: 5000
[0] ==timestep: 5000==
[0] av velocity: 9.789912109375E+02
[0] ==timestep: 5500==
[0] av velocity: 1.035475097656E+03
[0] ==timestep: 6000==
[0] av velocity: 1.010044921875E+03
[0] ==timestep: 6500==
[0] av velocity: 1.097790771484E+03
[0] ==timestep: 7000==
[0] av velocity: 1.097354858398E+03
[0] ==timestep: 7500==
[0] av velocity: 1.172586425781E+03
[0] ==timestep: 8000==
[0] av velocity: 1.176089843750E+03
[0] ==timestep: 8500==
[0] av velocity: 1.240486572266E+03
[0] ==timestep: 9000==
[0] av velocity: 1.282591308594E+03
[0] ==timestep: 9500==
[0] av velocity: 1.289858886719E+03
[0] iteration: 10000
[0] ==timestep: 10000==
[0] av velocity: 1.287819335938E+03
[0] ==timestep: 10500==
[0] av velocity: 1.324458496094E+03
[0] ==timestep: 11000==
[0] av velocity: 1.408923217773E+03
[0] ==timestep: 11500==
[0] av velocity: 1.438087890625E+03
[0] ==timestep: 12000==
[0] av velocity: 1.440299804688E+03
[0] ==timestep: 12500==
[0] av velocity: 1.479775390625E+03
[0] ==timestep: 13000==
[0] av velocity: 1.544421630859E+03
[0] ==timestep: 13500==
[0] av velocity: 1.549669433594E+03
[0] ==timestep: 14000==
[0] av velocity: 1.568080810547E+03
[0] ==timestep: 14500==
[0] av velocity: 1.581973632812E+03
[0] iteration: 15000
[0] ==timestep: 15000==
[0] av velocity: 1.655992675781E+03
[0] ==timestep: 15500==
[0] av velocity: 1.672696289062E+03
[0] ==timestep: 16000==
[0] av velocity: 1.684792114258E+03
[0] ==timestep: 16500==
[0] av velocity: 1.715805297852E+03
[0] ==timestep: 17000==
[0] av velocity: 1.746245117188E+03
[0] ==timestep: 17500==
[0] av velocity: 1.783918823242E+03
[0] ==timestep: 18000==
[0] av velocity: 1.784263916016E+03
[0] ==timestep: 18500==
[0] av velocity: 1.846523193359E+03
[0] ==timestep: 19000==
[0] av velocity: 1.869921630859E+03
[0] ==timestep: 19500==
[0] av velocity: 1.894006591797E+03
[0] ==done==
[0] Elapsed time:			13.189922 (s)
[0] Elapsed user CPU time:		6.728734 (s)
[0] Elapsed system CPU time:	2.690449 (s)
